<?xml version="1.0" encoding="UTF-8"?>
<!-- Generated by org.testng.reporters.JUnitXMLReporter -->
<testsuite ignored="1" hostname="SUCSekhar98" failures="0" tests="2" name="complete e2e tes" time="19.415" errors="0" timestamp="2024-09-29T10:31:40 IST">
  <testcase classname="UmaSangada.Tests.ModifiedE2e" name="submitorder" time="4.688"/>
  <testcase classname="UmaSangada.Tests.ModifiedE2e" name="submitorder" time="3.446"/>
  <testcase classname="UmaSangada.Tests.ModifiedE2e" name="orderhistory" time="0.0">
    <ignored/>
  </testcase> <!-- orderhistory -->
</testsuite> <!-- complete e2e tes -->
