<?xml version="1.0" encoding="UTF-8"?>
<testng-results ignored="0" total="2" passed="2" failed="0" skipped="0">
  <reporter-output>
  </reporter-output>
  <suite started-at="2024-09-29T10:31:21 IST" name="Suite" finished-at="2024-09-29T10:31:40 IST" duration-ms="19415">
    <groups>
      <group name="purchase">
        <method signature="ModifiedE2e.submitorder(java.util.HashMap)[pri:0, instance:UmaSangada.Tests.ModifiedE2e@1a245833]" name="submitorder" class="UmaSangada.Tests.ModifiedE2e"/>
      </group> <!-- purchase -->
    </groups>
    <test started-at="2024-09-29T10:31:21 IST" name="error validation" finished-at="2024-09-29T10:31:21 IST" duration-ms="18">
    </test> <!-- error validation -->
    <test started-at="2024-09-29T10:31:21 IST" name="complete e2e tes" finished-at="2024-09-29T10:31:40 IST" duration-ms="19415">
      <class name="UmaSangada.Tests.ModifiedE2e">
        <test-method is-config="true" signature="LaunchApplication()[pri:0, instance:UmaSangada.Tests.ModifiedE2e@1a245833]" started-at="2024-09-29T10:31:21 IST" name="LaunchApplication" finished-at="2024-09-29T10:31:29 IST" duration-ms="7529" status="PASS">
          <reporter-output>
          </reporter-output>
        </test-method> <!-- LaunchApplication -->
        <test-method signature="submitorder(java.util.HashMap)[pri:0, instance:UmaSangada.Tests.ModifiedE2e@1a245833]" started-at="2024-09-29T10:31:29 IST" name="submitorder" data-provider="getdata" finished-at="2024-09-29T10:31:33 IST" duration-ms="4688" status="PASS">
          <params>
            <param index="0">
              <value>
                <![CDATA[{password=T@bby23519, product=ZARA COAT 3, mail=umasangada98@gmail.com}]]>
              </value>
            </param>
          </params>
          <reporter-output>
          </reporter-output>
        </test-method> <!-- submitorder -->
        <test-method is-config="true" signature="closebrowse()[pri:0, instance:UmaSangada.Tests.ModifiedE2e@1a245833]" started-at="2024-09-29T10:31:33 IST" name="closebrowse" finished-at="2024-09-29T10:31:34 IST" duration-ms="222" status="PASS">
          <reporter-output>
          </reporter-output>
        </test-method> <!-- closebrowse -->
        <test-method is-config="true" signature="LaunchApplication()[pri:0, instance:UmaSangada.Tests.ModifiedE2e@1a245833]" started-at="2024-09-29T10:31:34 IST" name="LaunchApplication" finished-at="2024-09-29T10:31:36 IST" duration-ms="2903" status="PASS">
          <reporter-output>
          </reporter-output>
        </test-method> <!-- LaunchApplication -->
        <test-method signature="submitorder(java.util.HashMap)[pri:0, instance:UmaSangada.Tests.ModifiedE2e@1a245833]" started-at="2024-09-29T10:31:36 IST" name="submitorder" data-provider="getdata" finished-at="2024-09-29T10:31:40 IST" duration-ms="3446" status="PASS">
          <params>
            <param index="0">
              <value>
                <![CDATA[{password=T@bby23519, product=ADIDAS ORIGINAL, mail=umasangada98@gmail.com}]]>
              </value>
            </param>
          </params>
          <reporter-output>
          </reporter-output>
        </test-method> <!-- submitorder -->
        <test-method is-config="true" signature="closebrowse()[pri:0, instance:UmaSangada.Tests.ModifiedE2e@1a245833]" started-at="2024-09-29T10:31:40 IST" name="closebrowse" finished-at="2024-09-29T10:31:40 IST" duration-ms="172" status="PASS">
          <reporter-output>
          </reporter-output>
        </test-method> <!-- closebrowse -->
      </class> <!-- UmaSangada.Tests.ModifiedE2e -->
    </test> <!-- complete e2e tes -->
  </suite> <!-- Suite -->
</testng-results>
